  Bus.cpp
C:\Users\Serge\source\repos\TheGame\TheGameActual\TheGame\DrawableObj.h(35,63): warning C4244: 'argument': conversion from 'int' to 'T', possible loss of data
          with
          [
              T=float
          ]
C:\Users\Serge\source\repos\TheGame\TheGameActual\TheGame\DrawableObj.h(35,45): warning C4244: 'argument': conversion from 'int' to 'T', possible loss of data
          with
          [
              T=float
          ]
C:\Users\Serge\source\repos\TheGame\TheGameActual\TheGame\Bus.h(20): warning C4091: 'typedef ': ignored on left of 'Bus::Position' when no variable is declared
C:\Users\Serge\source\repos\TheGame\TheGameActual\TheGame\Bus.h(43,1): warning C4244: '-=': conversion from 'double' to 'int', possible loss of data
C:\Users\Serge\source\repos\TheGame\TheGameActual\TheGame\Bus.cpp(7,16): warning C4244: '=': conversion from 'int' to 'T', possible loss of data
          with
          [
              T=float
          ]
C:\Users\Serge\source\repos\TheGame\TheGameActual\TheGame\Bus.cpp(8,16): warning C4244: '=': conversion from 'int' to 'T', possible loss of data
          with
          [
              T=float
          ]
C:\Users\Serge\source\repos\TheGame\TheGameActual\TheGame\Bus.cpp(27,27): warning C4244: 'argument': conversion from 'int' to 'T', possible loss of data
          with
          [
              T=float
          ]
C:\Users\Serge\source\repos\TheGame\TheGameActual\TheGame\Bus.cpp(35,28): warning C4244: 'argument': conversion from 'int' to 'T', possible loss of data
          with
          [
              T=float
          ]
C:\Users\Serge\source\repos\TheGame\TheGameActual\TheGame\Bus.cpp(43,25): warning C4244: 'argument': conversion from 'int' to 'T', possible loss of data
          with
          [
              T=float
          ]
C:\Users\Serge\source\repos\TheGame\TheGameActual\TheGame\Bus.cpp(51,24): warning C4244: 'argument': conversion from 'int' to 'T', possible loss of data
          with
          [
              T=float
          ]
  TheGame.vcxproj -> C:\Users\Serge\source\repos\TheGame\TheGameActual\Debug\TheGame.exe
