c:\users\serge\source\repos\thegame\thegameactual\thegame\debug\vc142.pdb
c:\users\serge\source\repos\thegame\thegameactual\thegame\debug\vc142.idb
c:\users\serge\source\repos\thegame\thegameactual\thegame\debug\rectangle.obj
c:\users\serge\source\repos\thegame\thegameactual\thegame\debug\point.obj
c:\users\serge\source\repos\thegame\thegameactual\thegame\debug\drawer.obj
c:\users\serge\source\repos\thegame\thegameactual\thegame\debug\main.obj
c:\users\serge\source\repos\thegame\thegameactual\thegame\debug\longdistancebus.obj
c:\users\serge\source\repos\thegame\thegameactual\thegame\debug\ipaintable.obj
c:\users\serge\source\repos\thegame\thegameactual\thegame\debug\imovable.obj
c:\users\serge\source\repos\thegame\thegameactual\thegame\debug\fueler.obj
c:\users\serge\source\repos\thegame\thegameactual\thegame\debug\eventhandler.obj
c:\users\serge\source\repos\thegame\thegameactual\thegame\debug\colliderobject.obj
c:\users\serge\source\repos\thegame\thegameactual\thegame\debug\bus.obj
c:\users\serge\source\repos\thegame\thegameactual\thegame\debug\alien.obj
c:\users\serge\source\repos\thegame\thegameactual\thegame\debug\obstacle.obj
c:\users\serge\source\repos\thegame\thegameactual\debug\thegame.exe
c:\users\serge\source\repos\thegame\thegameactual\debug\thegame.ilk
c:\users\serge\source\repos\thegame\thegameactual\debug\thegame.pdb
c:\users\serge\source\repos\thegame\thegameactual\thegame\debug\thegame.tlog\cl.command.1.tlog
c:\users\serge\source\repos\thegame\thegameactual\thegame\debug\thegame.tlog\cl.read.1.tlog
c:\users\serge\source\repos\thegame\thegameactual\thegame\debug\thegame.tlog\cl.write.1.tlog
c:\users\serge\source\repos\thegame\thegameactual\thegame\debug\thegame.tlog\link.command.1.tlog
c:\users\serge\source\repos\thegame\thegameactual\thegame\debug\thegame.tlog\link.read.1.tlog
c:\users\serge\source\repos\thegame\thegameactual\thegame\debug\thegame.tlog\link.write.1.tlog
